<?xml version="1.0" encoding="UTF-8"?>
<!-- Generated by org.testng.reporters.JUnitReportReporter -->
<testsuite hostname="Aaryan-PC" failures="0" tests="1" name="javaexecutorExamples.JSExampleForSelenium" time="50.271" errors="0" timestamp="2024-08-19T10:28:41 IST" skipped="0">
  <testcase classname="javaexecutorExamples.JSExampleForSelenium" name="identifyElewithXpath" time="50.271"/>
</testsuite> <!-- javaexecutorExamples.JSExampleForSelenium -->
