<?xml version="1.0" encoding="UTF-8"?>
<!-- Generated by org.testng.reporters.JUnitReportReporter -->
<testsuite hostname="Aaryan-PC" failures="0" tests="1" name="selenium.Alerts" time="37.355" errors="0" timestamp="2024-08-08T07:36:36 IST" skipped="0">
  <testcase classname="selenium.Alerts" name="alert3" time="37.355"/>
</testsuite> <!-- selenium.Alerts -->
