<?xml version="1.0" encoding="UTF-8"?>
<!-- Generated by org.testng.reporters.JUnitReportReporter -->
<testsuite hostname="Aaryan-PC" failures="0" tests="1" name="javaexecutorExamples.JSExecutorTxtbox" time="8.644" errors="0" timestamp="2024-08-15T08:30:06 IST" skipped="0">
  <testcase classname="javaexecutorExamples.JSExecutorTxtbox" name="jsExecutor" time="8.644"/>
</testsuite> <!-- javaexecutorExamples.JSExecutorTxtbox -->
