<?xml version="1.0" encoding="UTF-8"?>
<!-- Generated by org.testng.reporters.JUnitReportReporter -->
<testsuite hostname="Aaryan-PC" failures="0" tests="1" name="javaexecutorExamples.JSExampleForSelenium" time="11.628" errors="0" timestamp="2024-08-21T09:07:19 IST" skipped="0">
  <testcase classname="javaexecutorExamples.JSExampleForSelenium" name="executeScripts" time="11.628"/>
</testsuite> <!-- javaexecutorExamples.JSExampleForSelenium -->
