<?xml version="1.0" encoding="UTF-8"?>
<!-- Generated by org.testng.reporters.JUnitReportReporter -->
<testsuite hostname="Aaryan-PC" failures="0" tests="1" name="handlingwebelements.BrowserClass" time="19.811" errors="0" timestamp="2024-08-05T07:42:10 IST" skipped="0">
  <testcase classname="handlingwebelements.BrowserClass" name="getTableData" time="19.811"/>
</testsuite> <!-- handlingwebelements.BrowserClass -->
