<?xml version="1.0" encoding="UTF-8"?>
<!-- Generated by org.testng.reporters.JUnitReportReporter -->
<testsuite hostname="Aaryan-PC" failures="0" tests="3" name="testngFramework.Selenium_TestNG" time="29.374" errors="0" timestamp="2024-08-29T08:37:30 IST" skipped="0">
  <testcase classname="testngFramework.Selenium_TestNG" name="test2" time="10.360"/>
  <testcase classname="testngFramework.Selenium_TestNG" name="test1" time="9.775"/>
  <testcase classname="testngFramework.Selenium_TestNG" name="test3" time="9.239"/>
</testsuite> <!-- testngFramework.Selenium_TestNG -->
