<?xml version="1.0" encoding="UTF-8"?>
<!-- Generated by org.testng.reporters.JUnitReportReporter -->
<testsuite hostname="Aaryan-PC" failures="0" tests="1" name="collectionframework.ExcelToListMap" time="1.640" errors="0" timestamp="2024-08-04T21:18:09 IST" skipped="0">
  <testcase classname="collectionframework.ExcelToListMap" name="getDataFromMapList" time="1.640"/>
</testsuite> <!-- collectionframework.ExcelToListMap -->
