<?xml version="1.0" encoding="UTF-8"?>
<!-- Generated by org.testng.reporters.JUnitReportReporter -->
<testsuite hostname="Aaryan-PC" failures="0" tests="6" name="testngFramework.Selenium_TestNG2" time="51.328" errors="0" timestamp="2024-08-29T09:09:32 IST" skipped="0">
  <testcase classname="testngFramework.Selenium_TestNG2" name="test2" time="9.247"/>
  <testcase classname="testngFramework.Selenium_TestNG2" name="test3" time="9.417"/>
  <testcase classname="testngFramework.Selenium_TestNG2" name="test2" time="7.395"/>
  <testcase classname="testngFramework.Selenium_TestNG2" name="test3" time="8.278"/>
  <testcase classname="testngFramework.Selenium_TestNG2" name="test1" time="8.732"/>
  <testcase classname="testngFramework.Selenium_TestNG2" name="test3" time="8.259"/>
</testsuite> <!-- testngFramework.Selenium_TestNG2 -->
