<?xml version="1.0" encoding="UTF-8"?>
<!-- Generated by org.testng.reporters.JUnitReportReporter -->
<testsuite hostname="Aaryan-PC" failures="0" tests="1" name="javaexecutorExamples.scrollIntoViewEx" time="6.170" errors="0" timestamp="2024-08-17T08:23:59 IST" skipped="0">
  <testcase classname="javaexecutorExamples.scrollIntoViewEx" name="test" time="6.170"/>
</testsuite> <!-- javaexecutorExamples.scrollIntoViewEx -->
