<?xml version="1.0" encoding="UTF-8"?>
<!-- Generated by org.testng.reporters.JUnitReportReporter -->
<testsuite hostname="Aaryan-PC" failures="0" tests="1" name="collectionprgms.ReadDataFromExcelToListMap" time="1.593" errors="0" timestamp="2024-08-24T08:57:57 IST" skipped="0">
  <testcase classname="collectionprgms.ReadDataFromExcelToListMap" name="readDataFromExcelToListMap" time="1.593"/>
</testsuite> <!-- collectionprgms.ReadDataFromExcelToListMap -->
