<?xml version="1.0" encoding="UTF-8"?>
<!-- Generated by org.testng.reporters.JUnitReportReporter -->
<testsuite hostname="Aaryan-PC" failures="0" tests="1" name="dprovidertestng.ExcelData" time="1.751" errors="0" timestamp="2024-09-05T09:18:55 IST" skipped="0">
  <testcase classname="dprovidertestng.ExcelData" name="getDataUsingFillo" time="1.751"/>
</testsuite> <!-- dprovidertestng.ExcelData -->
