<?xml version="1.0" encoding="UTF-8"?>
<!-- Generated by org.testng.reporters.JUnitReportReporter -->
<testsuite hostname="Aaryan-PC" failures="0" tests="1" name="frames.FrameEx" time="9.045" errors="0" timestamp="2024-08-06T07:31:12 IST" skipped="0">
  <testcase classname="frames.FrameEx" name="framewithIndex" time="9.045"/>
</testsuite> <!-- frames.FrameEx -->
