<?xml version="1.0" encoding="UTF-8"?>
<!-- Generated by org.testng.reporters.JUnitReportReporter -->
<testsuite hostname="Aaryan-PC" failures="0" tests="1" name="actions.ActionsEx" time="14.680" errors="0" timestamp="2024-08-14T09:19:22 IST" skipped="0">
  <testcase classname="actions.ActionsEx" name="scroll" time="14.680"/>
</testsuite> <!-- actions.ActionsEx -->
