<?xml version="1.0" encoding="UTF-8"?>
<!-- Generated by org.testng.reporters.JUnitReportReporter -->
<testsuite hostname="Aaryan-PC" failures="0" tests="3" name="dprovidertestng.TestLogin" time="33.440" errors="0" timestamp="2024-09-05T09:48:45 IST" skipped="0">
  <testcase classname="dprovidertestng.TestLogin" name="testLogin" time="21.240"/>
  <testcase classname="dprovidertestng.TestLogin" name="testLogin" time="6.761"/>
  <testcase classname="dprovidertestng.TestLogin" name="testLogin" time="5.439"/>
</testsuite> <!-- dprovidertestng.TestLogin -->
