<?xml version="1.0" encoding="UTF-8"?>
<!-- Generated by org.testng.reporters.JUnitReportReporter -->
<testsuite hostname="Aaryan-PC" failures="0" tests="2" name="testngFramework.AnnotationsClass" time="0.022" errors="0" timestamp="2024-08-28T08:25:38 IST" skipped="0">
  <testcase classname="testngFramework.AnnotationsClass" name="test2" time="0.006"/>
  <testcase classname="testngFramework.AnnotationsClass" name="test1" time="0.016"/>
</testsuite> <!-- testngFramework.AnnotationsClass -->
