<?xml version="1.0" encoding="UTF-8"?>
<!-- Generated by org.testng.reporters.JUnitReportReporter -->
<testsuite hostname="Aaryan-PC" failures="0" tests="1" name="timeouts.SyncClass" time="11.234" errors="0" timestamp="2024-08-12T08:50:54 IST" skipped="0">
  <testcase classname="timeouts.SyncClass" name="fluentWaitEx1" time="11.234"/>
</testsuite> <!-- timeouts.SyncClass -->
