<?xml version="1.0" encoding="UTF-8"?>
<!-- Generated by org.testng.reporters.JUnitReportReporter -->
<testsuite hostname="Aaryan-PC" failures="0" tests="3" name="dprovidertestng.DataProviderTestClass" time="0.022" errors="0" timestamp="2024-09-04T09:15:45 IST" skipped="0">
  <testcase classname="dprovidertestng.DataProviderTestClass" name="readData" time="0.002"/>
  <testcase classname="dprovidertestng.DataProviderTestClass" name="readData" time="0.011"/>
  <testcase classname="dprovidertestng.DataProviderTestClass" name="readData" time="0.009"/>
</testsuite> <!-- dprovidertestng.DataProviderTestClass -->
