<?xml version="1.0" encoding="UTF-8"?>
<!-- Generated by org.testng.reporters.JUnitReportReporter -->
<testsuite hostname="Aaryan-PC" failures="0" tests="6" name="dprovidertestng.TestLogin" time="79.470" errors="0" timestamp="2024-09-06T09:20:36 IST" skipped="0">
  <testcase classname="dprovidertestng.TestLogin" name="testLogin" time="14.052"/>
  <testcase classname="dprovidertestng.TestLogin" name="testLogin" time="10.415"/>
  <testcase classname="dprovidertestng.TestLogin" name="testLogin" time="14.273"/>
  <testcase classname="dprovidertestng.TestLogin" name="testLogin" time="10.108"/>
  <testcase classname="dprovidertestng.TestLogin" name="testLogin" time="13.006"/>
  <testcase classname="dprovidertestng.TestLogin" name="testLogin" time="17.616"/>
</testsuite> <!-- dprovidertestng.TestLogin -->
