<?xml version="1.0" encoding="UTF-8"?>
<!-- Generated by org.testng.reporters.JUnitReportReporter -->
<testsuite hostname="Aaryan-PC" failures="0" tests="1" name="testngFramework.Selenium_TestNG" time="15.436" errors="0" timestamp="2024-08-28T09:15:03 IST" skipped="0">
  <testcase classname="testngFramework.Selenium_TestNG" name="test1" time="15.436"/>
</testsuite> <!-- testngFramework.Selenium_TestNG -->
