<?xml version="1.0" encoding="UTF-8"?>
<!-- Generated by org.testng.reporters.JUnitReportReporter -->
<testsuite hostname="Aaryan-PC" failures="0" tests="1" name="actions.ActionsEx" time="12.671" errors="0" timestamp="2024-08-15T08:11:18 IST" skipped="0">
  <testcase classname="actions.ActionsEx" name="dragAndDropElement" time="12.671"/>
</testsuite> <!-- actions.ActionsEx -->
