<?xml version="1.0" encoding="UTF-8"?>
<!-- Generated by org.testng.reporters.JUnitReportReporter -->
<testsuite hostname="Aaryan-PC" failures="0" tests="1" name="handlingwebelements.AutoComplete" time="11.640" errors="0" timestamp="2024-08-05T08:24:53 IST" skipped="0">
  <testcase classname="handlingwebelements.AutoComplete" name="autoComplete" time="11.640"/>
</testsuite> <!-- handlingwebelements.AutoComplete -->
