<?xml version="1.0" encoding="UTF-8"?>
<!-- Generated by org.testng.reporters.JUnitReportReporter -->
<testsuite hostname="Aaryan-PC" failures="0" tests="2" name="javaprgms.RotateAnArray" time="0.025" errors="0" timestamp="2024-08-27T16:49:06 IST" skipped="0">
  <testcase classname="javaprgms.RotateAnArray" name="test1" time="0.022"/>
  <testcase classname="javaprgms.RotateAnArray" name="test2" time="0.003"/>
</testsuite> <!-- javaprgms.RotateAnArray -->
