<?xml version="1.0" encoding="UTF-8"?>
<!-- Generated by org.testng.reporters.JUnitReportReporter -->
<testsuite hostname="Aaryan-PC" failures="0" tests="1" name="selenium.MainClass" time="128.627" errors="0" timestamp="2024-08-03T09:51:51 IST" skipped="0">
  <testcase classname="selenium.MainClass" name="test" time="128.627"/>
</testsuite> <!-- selenium.MainClass -->
