<?xml version="1.0" encoding="UTF-8"?>
<!-- Generated by org.testng.reporters.JUnitReportReporter -->
<testsuite hostname="Aaryan-PC" failures="0" tests="1" name="selenium.MainClass" time="62.381" errors="0" timestamp="2024-08-04T21:30:08 IST" skipped="0">
  <testcase classname="selenium.MainClass" name="test" time="62.381"/>
</testsuite> <!-- selenium.MainClass -->
