<?xml version="1.0" encoding="UTF-8"?>
<!-- Generated by org.testng.reporters.JUnitReportReporter -->
<testsuite hostname="Aaryan-PC" failures="0" tests="4" name="testngFramework.Selenium_TestNG_Priorty" time="0.017" errors="0" timestamp="2024-09-03T09:08:12 IST" skipped="3">
  <testcase classname="testngFramework.Selenium_TestNG_Priorty" name="test_3" time="0.003">
    <skipped/>
  </testcase> <!-- test_3 -->
  <testcase classname="testngFramework.Selenium_TestNG_Priorty" name="test_2" time="0.012"/>
  <testcase classname="testngFramework.Selenium_TestNG_Priorty" name="test_4" time="0.002">
    <skipped/>
  </testcase> <!-- test_4 -->
  <testcase classname="testngFramework.Selenium_TestNG_Priorty" name="test_1" time="0.000">
    <skipped/>
  </testcase> <!-- test_1 -->
</testsuite> <!-- testngFramework.Selenium_TestNG_Priorty -->
