<?xml version="1.0" encoding="UTF-8"?>
<!-- Generated by org.testng.reporters.JUnitReportReporter -->
<testsuite hostname="Aaryan-PC" failures="0" tests="1" name="frames.NestedFrame" time="16.814" errors="0" timestamp="2024-08-06T08:09:43 IST" skipped="0">
  <testcase classname="frames.NestedFrame" name="testNestedFrames" time="16.814"/>
</testsuite> <!-- frames.NestedFrame -->
