<?xml version="1.0" encoding="UTF-8"?>
<!-- Generated by org.testng.reporters.JUnitReportReporter -->
<testsuite hostname="Aaryan-PC" failures="0" tests="6" name="readdatafromexcel.ReadDataFromExcel" time="0.021" errors="0" timestamp="2024-08-21T22:07:06 IST" skipped="0">
  <testcase classname="readdatafromexcel.ReadDataFromExcel" name="getData" time="0.002"/>
  <testcase classname="readdatafromexcel.ReadDataFromExcel" name="getData" time="0.002"/>
  <testcase classname="readdatafromexcel.ReadDataFromExcel" name="getData" time="0.011"/>
  <testcase classname="readdatafromexcel.ReadDataFromExcel" name="getData" time="0.002"/>
  <testcase classname="readdatafromexcel.ReadDataFromExcel" name="getData" time="0.002"/>
  <testcase classname="readdatafromexcel.ReadDataFromExcel" name="getData" time="0.002"/>
</testsuite> <!-- readdatafromexcel.ReadDataFromExcel -->
