<?xml version="1.0" encoding="UTF-8"?>
<!-- Generated by org.testng.reporters.JUnitReportReporter -->
<testsuite hostname="Aaryan-PC" failures="0" tests="1" name="testngparallelruns.Selenium_TestNG2" time="14.912" errors="0" timestamp="2024-09-03T09:42:28 IST" skipped="0">
  <testcase classname="testngparallelruns.Selenium_TestNG2" name="test1" time="14.912"/>
</testsuite> <!-- testngparallelruns.Selenium_TestNG2 -->
