<?xml version="1.0" encoding="UTF-8"?>
<!-- Generated by org.testng.reporters.JUnitReportReporter -->
<testsuite hostname="Aaryan-PC" failures="0" tests="1" name="exceldatareading.ReadExcelData" time="34.960" errors="0" timestamp="2024-08-24T08:47:26 IST" skipped="0">
  <testcase classname="exceldatareading.ReadExcelData" name="login" time="34.960"/>
</testsuite> <!-- exceldatareading.ReadExcelData -->
