<?xml version="1.0" encoding="UTF-8"?>
<!-- Generated by org.testng.reporters.JUnitReportReporter -->
<testsuite hostname="Aaryan-PC" failures="0" tests="1" name="exceldatareading.TestLoginClass" time="35.604" errors="0" timestamp="2024-08-27T08:53:55 IST" skipped="0">
  <testcase classname="exceldatareading.TestLoginClass" name="login" time="35.604"/>
</testsuite> <!-- exceldatareading.TestLoginClass -->
