<?xml version="1.0" encoding="UTF-8"?>
<!-- Generated by org.testng.reporters.JUnitReportReporter -->
<testsuite hostname="Aaryan-PC" failures="0" tests="2" name="testngFramework.AnnotationsClass1" time="0.013" errors="0" timestamp="2024-08-28T08:24:26 IST" skipped="0">
  <testcase classname="testngFramework.AnnotationsClass1" name="test2" time="0.008"/>
  <testcase classname="testngFramework.AnnotationsClass1" name="test1" time="0.005"/>
</testsuite> <!-- testngFramework.AnnotationsClass1 -->
