<?xml version="1.0" encoding="UTF-8"?>
<!-- Generated by org.testng.reporters.JUnitReportReporter -->
<testsuite hostname="Aaryan-PC" failures="0" tests="1" name="exceldatareading.TestLoginClass" time="25.609" errors="0" timestamp="2024-08-24T08:49:36 IST" skipped="0">
  <testcase classname="exceldatareading.TestLoginClass" name="login" time="25.609"/>
</testsuite> <!-- exceldatareading.TestLoginClass -->
