<?xml version="1.0" encoding="UTF-8"?>
<!-- Generated by org.testng.reporters.JUnitReportReporter -->
<testsuite hostname="Aaryan-PC" failures="0" tests="1" name="handlingwebelements.BrowserClass" time="38.852" errors="0" timestamp="2024-08-06T07:19:13 IST" skipped="0">
  <testcase classname="handlingwebelements.BrowserClass" name="getTableData" time="38.852"/>
</testsuite> <!-- handlingwebelements.BrowserClass -->
