<?xml version="1.0" encoding="UTF-8"?>
<!-- Generated by org.testng.reporters.JUnitReportReporter -->
<testsuite hostname="Aaryan-PC" failures="0" tests="1" name="selenium.HandlingElements" time="9.109" errors="0" timestamp="2024-08-03T07:41:54 IST" skipped="0">
  <testcase classname="selenium.HandlingElements" name="test" time="9.109"/>
</testsuite> <!-- selenium.HandlingElements -->
