<?xml version="1.0" encoding="UTF-8"?>
<!-- Generated by org.testng.reporters.JUnitReportReporter -->
<testsuite hostname="Aaryan-PC" failures="0" tests="1" name="selenium.AddColumnsToStringBuffer" time="0.014" errors="0" timestamp="2024-08-10T17:14:06 IST" skipped="0">
  <testcase classname="selenium.AddColumnsToStringBuffer" name="test" time="0.014"/>
</testsuite> <!-- selenium.AddColumnsToStringBuffer -->
