<?xml version="1.0" encoding="UTF-8"?>
<!-- Generated by org.testng.reporters.JUnitReportReporter -->
<testsuite hostname="Aaryan-PC" failures="0" tests="6" name="readdatafromexcel.TestClass" time="78.195" errors="0" timestamp="2024-08-21T22:15:07 IST" skipped="0">
  <testcase classname="readdatafromexcel.TestClass" name="getData" time="12.851"/>
  <testcase classname="readdatafromexcel.TestClass" name="getData" time="14.362"/>
  <testcase classname="readdatafromexcel.TestClass" name="getData" time="13.002"/>
  <testcase classname="readdatafromexcel.TestClass" name="getData" time="12.199"/>
  <testcase classname="readdatafromexcel.TestClass" name="getData" time="12.947"/>
  <testcase classname="readdatafromexcel.TestClass" name="getData" time="12.834"/>
</testsuite> <!-- readdatafromexcel.TestClass -->
